<?xml version="1.0" encoding="UTF-8"?>
<!-- Generated by org.testng.reporters.JUnitReportReporter -->
<testsuite hostname="ANKUSH1111" failures="0" tests="1" name="Locators.b_class_Locator" time="11.638" errors="0" timestamp="2022-06-16T19:08:33 IST" skipped="0">
  <testcase classname="Locators.b_class_Locator" name="test_class" time="11.638"/>
  <system-out/>
</testsuite> <!-- Locators.b_class_Locator -->
