<?xml version="1.0" encoding="UTF-8"?>
<!-- Generated by org.testng.reporters.JUnitReportReporter -->
<testsuite hostname="ANKUSH1111" failures="0" tests="2" name="AngelOne_end_to_end_testing.AngelBrokingapp" time="99.303" errors="0" timestamp="2022-06-21T16:34:05 IST" skipped="1">
  <testcase classname="AngelOne_end_to_end_testing.AngelBrokingapp" name="test" time="99.303"/>
  <system-out/>
  <testcase classname="AngelOne_end_to_end_testing.AngelBrokingapp" name="test1">
    <skipped/>
  </testcase> <!-- test1 -->
  <system-out/>
</testsuite> <!-- AngelOne_end_to_end_testing.AngelBrokingapp -->
