<?xml version="1.0" encoding="UTF-8"?>
<!-- Generated by org.testng.reporters.JUnitReportReporter -->
<testsuite hostname="ANKUSH1111" failures="0" tests="1" name="Locators.h_css_slector" time="10.313" errors="0" timestamp="2022-06-16T20:14:15 IST" skipped="0">
  <testcase classname="Locators.h_css_slector" name="test_css" time="10.313"/>
  <system-out/>
</testsuite> <!-- Locators.h_css_slector -->
