<?xml version="1.0" encoding="UTF-8"?>
<!-- Generated by org.testng.reporters.JUnitReportReporter -->
<testsuite hostname="ANKUSH1111" failures="0" tests="1" name="b_AutoSuggestion.google_autosuggestion" time="11.085" errors="0" timestamp="2022-06-16T21:18:37 IST" skipped="0">
  <testcase classname="b_AutoSuggestion.google_autosuggestion" name="test" time="11.085"/>
  <system-out/>
</testsuite> <!-- b_AutoSuggestion.google_autosuggestion -->
