<?xml version="1.0" encoding="UTF-8"?>
<!-- Generated by org.testng.reporters.JUnitReportReporter -->
<testsuite hostname="ANKUSH1111" failures="0" tests="1" name="Locators.a_id_Locator" time="4.449" errors="0" timestamp="2022-06-16T18:50:50 IST" skipped="0">
  <testcase classname="Locators.a_id_Locator" name="test_id" time="4.449"/>
  <system-out/>
</testsuite> <!-- Locators.a_id_Locator -->
