<?xml version="1.0" encoding="UTF-8"?>
<!-- Generated by org.testng.reporters.JUnitReportReporter -->
<testsuite hostname="ANKUSH1111" failures="0" tests="1" name="c_dropdown.DropDownHandle" time="24.334" errors="0" timestamp="2022-07-06T20:55:16 IST" skipped="0">
  <testcase classname="c_dropdown.DropDownHandle" name="m1" time="24.334"/>
  <system-out/>
</testsuite> <!-- c_dropdown.DropDownHandle -->
