<?xml version="1.0" encoding="UTF-8"?>
<!-- Generated by org.testng.reporters.JUnitReportReporter -->
<testsuite hostname="ANKUSH1111" failures="0" tests="2" name="j_Exception_Handling.first" time="7.681" errors="0" timestamp="2022-06-20T21:50:56 IST" skipped="1">
  <testcase classname="j_Exception_Handling.first" name="test" time="7.681"/>
  <system-out/>
  <testcase classname="j_Exception_Handling.first" name="m1">
    <skipped/>
  </testcase> <!-- m1 -->
  <system-out/>
</testsuite> <!-- j_Exception_Handling.first -->
