<?xml version="1.0" encoding="UTF-8"?>
<!-- Generated by org.testng.reporters.JUnitReportReporter -->
<testsuite hostname="ANKUSH1111" failures="0" tests="2" name="z_AngelOne_end_to_end_testing.AngelBrokingapp" time="78.926" errors="0" timestamp="2022-06-26T14:53:39 IST" skipped="1">
  <testcase classname="z_AngelOne_end_to_end_testing.AngelBrokingapp" name="test" time="78.926"/>
  <system-out/>
  <testcase classname="z_AngelOne_end_to_end_testing.AngelBrokingapp" name="test1">
    <skipped/>
  </testcase> <!-- test1 -->
  <system-out/>
</testsuite> <!-- z_AngelOne_end_to_end_testing.AngelBrokingapp -->
