<?xml version="1.0" encoding="UTF-8"?>
<!-- Generated by org.testng.reporters.JUnitReportReporter -->
<testsuite hostname="ANKUSH1111" failures="0" tests="1" name="a_Locators.f_linktext__Locator" time="0.000" errors="0" timestamp="2022-06-22T21:54:19 IST" skipped="0">
  <testcase classname="a_Locators.f_linktext__Locator" name="m1" time="0.000"/>
  <system-out/>
</testsuite> <!-- a_Locators.f_linktext__Locator -->
