<?xml version="1.0" encoding="UTF-8"?>
<!-- Generated by org.testng.reporters.JUnitReportReporter -->
<testsuite hostname="ANKUSH1111" failures="0" tests="1" name="FacebookTestScript.test_00" time="70.266" errors="0" timestamp="2022-06-18T21:23:47 IST" skipped="0">
  <testcase classname="FacebookTestScript.test_00" name="test" time="70.266"/>
  <system-out/>
</testsuite> <!-- FacebookTestScript.test_00 -->
