<?xml version="1.0" encoding="UTF-8"?>
<!-- Generated by org.testng.reporters.JUnitReportReporter -->
<testsuite hostname="ANKUSH1111" failures="0" tests="1" name="Locators.d_tagname" time="6.403" errors="0" timestamp="2022-06-16T19:23:17 IST" skipped="0">
  <testcase classname="Locators.d_tagname" name="m1" time="6.403"/>
  <system-out/>
</testsuite> <!-- Locators.d_tagname -->
